Unity Editor version:    2020.3.27f1 (e759542391ea)
Branch:                  2020.3/release
Build type:              Release
Batch mode:              YES
macOS version:           Version 11.7.10 (Build 20G1427)
Darwin version:          20.6.0
Architecture:            x86_64
Running under Rosetta:   NO
Available memory:        16384 MB
Using pre-set license
Pro License: NO

COMMAND LINE ARGUMENTS:
/Applications/2020.3.27f1/Unity.app/Contents/MacOS/Unity
-adb2
-batchMode
-noUpm
-name
AssetImportWorker0
-projectPath
/Users/game34/Desktop/create with code/Snack Attack
-logFile
Logs/AssetImportWorker0.log
-srvPort
58361
Successfully changed project path to: /Users/game34/Desktop/create with code/Snack Attack
Could not lock editor preferences. Preferences updates for this instance of Unity will not be saved./Users/game34/Desktop/create with code/Snack Attack
Using Asset Import Pipeline V2.
Refreshing native plugins compatible for Editor in 27.86 ms, found 2 plugins.
Preloading 0 native plugins for Editor in 0.00 ms.
Initialize engine version: 2020.3.27f1 (e759542391ea)
[Subsystems] Discovering subsystems at path /Applications/2020.3.27f1/Unity.app/Contents/Resources/UnitySubsystems
[Subsystems] Discovering subsystems at path /Users/game34/Desktop/create with code/Snack Attack/Assets
GfxDevice: creating device client; threaded=0
2024-10-22 12:33:51.059 Unity[11479:465588] iMac preferred device: AMD Radeon Pro 5500 XT (high power)
2024-10-22 12:33:51.059 Unity[11479:465588] Metal devices available: 1
2024-10-22 12:33:51.059 Unity[11479:465588] 0: AMD Radeon Pro 5500 XT (high power)
2024-10-22 12:33:51.059 Unity[11479:465588] Using device AMD Radeon Pro 5500 XT (high power)
Initializing Metal device caps: AMD Radeon Pro 5500 XT
Initialize mono
Mono path[0] = '/Applications/2020.3.27f1/Unity.app/Contents/Managed'
Mono path[1] = '/Applications/2020.3.27f1/Unity.app/Contents/MonoBleedingEdge/lib/mono/unityjit'
Mono config path = '/Applications/2020.3.27f1/Unity.app/Contents/MonoBleedingEdge/etc'
Using monoOptions --debugger-agent=transport=dt_socket,embedding=1,server=y,suspend=n,address=127.0.0.1:56479
Begin MonoManager ReloadAssembly
Registering precompiled unity dll's ...
Register platform support module: /Applications/2020.3.27f1/Unity.app/Contents/PlaybackEngines/MacStandaloneSupport/UnityEditor.OSXStandalone.Extensions.dll
Registered in 0.000498 seconds.
Native extension for OSXStandalone target not found
Refreshing native plugins compatible for Editor in 24.98 ms, found 2 plugins.
Preloading 0 native plugins for Editor in 0.00 ms.
Mono: successfully reloaded assembly
- Completed reload, in  0.536 seconds
Domain Reload Profiling:
	ReloadAssembly (536ms)
		BeginReloadAssembly (40ms)
			ExecutionOrderSort (0ms)
			DisableScriptedObjects (0ms)
			BackupInstance (0ms)
			ReleaseScriptingObjects (0ms)
			CreateAndSetChildDomain (1ms)
		EndReloadAssembly (427ms)
			LoadAssemblies (40ms)
			RebuildTransferFunctionScriptingTraits (0ms)
			SetupTypeCache (163ms)
			ReleaseScriptCaches (0ms)
			RebuildScriptCaches (33ms)
			SetupLoadedEditorAssemblies (156ms)
				LogAssemblyErrors (0ms)
				InitializePlatformSupportModulesInManaged (4ms)
				SetLoadedEditorAssemblies (0ms)
				RefreshPlugins (25ms)
				BeforeProcessingInitializeOnLoad (7ms)
				ProcessInitializeOnLoadAttributes (93ms)
				ProcessInitializeOnLoadMethodAttributes (26ms)
				AfterProcessingInitializeOnLoad (0ms)
				EditorAssembliesLoaded (0ms)
			ExecutionOrderSort2 (0ms)
			AwakeInstancesAfterBackupRestoration (0ms)
Platform modules already initialized, skipping
Registering precompiled user dll's ...
Registered in 0.001836 seconds.
Begin MonoManager ReloadAssembly
Native extension for OSXStandalone target not found
Refreshing native plugins compatible for Editor in 0.31 ms, found 2 plugins.
Preloading 0 native plugins for Editor in 0.00 ms.
Mono: successfully reloaded assembly
- Completed reload, in  0.963 seconds
Domain Reload Profiling:
	ReloadAssembly (964ms)
		BeginReloadAssembly (139ms)
			ExecutionOrderSort (0ms)
			DisableScriptedObjects (4ms)
			BackupInstance (0ms)
			ReleaseScriptingObjects (0ms)
			CreateAndSetChildDomain (28ms)
		EndReloadAssembly (769ms)
			LoadAssemblies (65ms)
			RebuildTransferFunctionScriptingTraits (0ms)
			SetupTypeCache (286ms)
			ReleaseScriptCaches (0ms)
			RebuildScriptCaches (44ms)
			SetupLoadedEditorAssemblies (271ms)
				LogAssemblyErrors (0ms)
				InitializePlatformSupportModulesInManaged (10ms)
				SetLoadedEditorAssemblies (0ms)
				RefreshPlugins (18ms)
				BeforeProcessingInitializeOnLoad (42ms)
				ProcessInitializeOnLoadAttributes (191ms)
				ProcessInitializeOnLoadMethodAttributes (8ms)
				AfterProcessingInitializeOnLoad (1ms)
				EditorAssembliesLoaded (0ms)
			ExecutionOrderSort2 (0ms)
			AwakeInstancesAfterBackupRestoration (6ms)
Platform modules already initialized, skipping
Validating Project structure ... 0.002865 seconds.
Shader import version has changed; will reimport all shaders...
Upgrading shader files ...0.003978 seconds.
Application.AssetDatabase Initial Script Refresh Start
RefreshInfo: InitialScriptRefreshV2(NoUpdateAssetOptions) scanfilter:  ... 1 filters
RefreshProfiler: Total: 0.000ms
Application.AssetDatabase Initial Script Refresh End
Application.AssetDatabase.Refresh Start
Application.AssetDatabase.Refresh End
RefreshInfo: StopAssetImportingV2(ForceSynchronousImport) scanfilter: 
RefreshProfiler: Total: 0.000ms
Launching external process: /Applications/2020.3.27f1/Unity.app/Contents/Tools/UnityShaderCompiler
Launched and connected shader compiler UnityShaderCompiler after 0.01 seconds
Initializing Unity extensions:
========================================================================
Worker process is ready to serve import requests
Refreshing native plugins compatible for Editor in 0.27 ms, found 2 plugins.
Preloading 0 native plugins for Editor in 0.00 ms.
Unloading 1508 Unused Serialized files (Serialized files now loaded: 0)
System memory in use before: 182.6 MB.
System memory in use after: 181.8 MB.

Unloading 84 unused Assets to reduce memory usage. Loaded Objects now: 1983.
Total: 2.500832 ms (FindLiveObjects: 0.106953 ms CreateObjectMapping: 0.037278 ms MarkObjects: 1.965795 ms  DeleteObjects: 0.390181 ms)

AssetImportParameters requested are different than current active one (requested -> active):
  custom:video-decoder-ogg-theora: a1e56fd34408186e4bbccfd4996cb3dc -> 
  custom:container-muxer-webm: aa71ff27fc2769a1b78a27578f13a17b -> 
  custom:container-demuxer-webm: 4f35f7cbe854078d1ac9338744f61a02 -> 
  custom:container-demuxer-ogg: 62fdf1f143b41e24485cea50d1cbac27 -> 
  custom:video-encoder-webm-vp8: eb34c28f22e8b96e1ab97ce403110664 -> 
  custom:framework-osx-AVFoundation: e770b220cccbd017edd2c1fefb359320 -> 
  custom:video-decoder-webm-vp8: 9c59270c3fd7afecdb556c50c9e8de78 -> 
  custom:audio-decoder-ogg-vorbis: bf7c407c2cedff20999df2af8eb42d56 -> 
  custom:audio-encoder-webm-vorbis: bf7c407c2cedff20999df2af8eb42d56 -> 
========================================================================
Received Import Request.
  path: Assets/GhostCharacter_Free/Textures/texture_ghost_occlusion.png
  artifactKey: Guid(e9d3080cdb4254410a1bf4c0f2e1523f) Importer(815301076,1909f56bfc062723c751e8b465ee728b)
Start importing Assets/GhostCharacter_Free/Textures/texture_ghost_occlusion.png using Guid(e9d3080cdb4254410a1bf4c0f2e1523f) Importer(815301076,1909f56bfc062723c751e8b465ee728b)  -> (artifact id: '6e659258b0ea733564f20a4576918762') in 0.573744 seconds 
  Import took 0.578713 seconds .

========================================================================
Received Import Request.
  Time since last request: 0.000224 seconds.
  path: Assets/GhostCharacter_Free/Textures/texture_ghost.png
  artifactKey: Guid(d14f2d1706eea4ee98e0d23ddf9bf2e6) Importer(815301076,1909f56bfc062723c751e8b465ee728b)
Start importing Assets/GhostCharacter_Free/Textures/texture_ghost.png using Guid(d14f2d1706eea4ee98e0d23ddf9bf2e6) Importer(815301076,1909f56bfc062723c751e8b465ee728b)  -> (artifact id: '6857f35de51d3027a8c078efe2818324') in 0.007472 seconds 
  Import took 0.009099 seconds .

========================================================================
Received Import Request.
  Time since last request: 0.000153 seconds.
  path: Assets/GhostCharacter_Free/Textures/texture_BlockGrass_Normal.png
  artifactKey: Guid(ac86edf0c48ca47a1a8390d3da33acaf) Importer(815301076,1909f56bfc062723c751e8b465ee728b)
Start importing Assets/GhostCharacter_Free/Textures/texture_BlockGrass_Normal.png using Guid(ac86edf0c48ca47a1a8390d3da33acaf) Importer(815301076,1909f56bfc062723c751e8b465ee728b)  -> (artifact id: '92029fdf64dcbb2ce65ed84c318d855f') in 0.054694 seconds 
  Import took 0.056411 seconds .

========================================================================
Received Import Request.
  Time since last request: 0.000195 seconds.
  path: Assets/GhostCharacter_Free/Textures/texture_BlockGrass.png
  artifactKey: Guid(cd16209d7d0a14feba93761ad9d6164d) Importer(815301076,1909f56bfc062723c751e8b465ee728b)
Start importing Assets/GhostCharacter_Free/Textures/texture_BlockGrass.png using Guid(cd16209d7d0a14feba93761ad9d6164d) Importer(815301076,1909f56bfc062723c751e8b465ee728b)  -> (artifact id: '3352becba558043df7d593fccd09505c') in 0.005346 seconds 
  Import took 0.006900 seconds .

========================================================================
Received Import Request.
  Time since last request: 46.101560 seconds.
  path: Assets/polyperfect/Poly Halloween/- Textures
  artifactKey: Guid(8c2df8e0f27d97f4b9134274b064bfcb) Importer(815301076,1909f56bfc062723c751e8b465ee728b)
Start importing Assets/polyperfect/Poly Halloween/- Textures using Guid(8c2df8e0f27d97f4b9134274b064bfcb) Importer(815301076,1909f56bfc062723c751e8b465ee728b)  -> (artifact id: '7364b44e1b55c380fa75068a89c4391e') in 0.000836 seconds 
  Import took 0.002838 seconds .

========================================================================
Received Import Request.
  Time since last request: 2.188113 seconds.
  path: Assets/polyperfect/Poly Halloween/- Textures/Grass
  artifactKey: Guid(b835b9b2de1723742bc113192f056766) Importer(815301076,1909f56bfc062723c751e8b465ee728b)
Start importing Assets/polyperfect/Poly Halloween/- Textures/Grass using Guid(b835b9b2de1723742bc113192f056766) Importer(815301076,1909f56bfc062723c751e8b465ee728b)  -> (artifact id: '40a099e30ef84eb941dae27121a3f98b') in 0.000925 seconds 
  Import took 0.002832 seconds .

========================================================================
Received Import Request.
  Time since last request: 0.117480 seconds.
  path: Assets/polyperfect/Poly Halloween/- Textures/Grass/grass-small-b.png
  artifactKey: Guid(0c99fa603b9fdbd47af3df8237d8ae39) Importer(815301076,1909f56bfc062723c751e8b465ee728b)
Start importing Assets/polyperfect/Poly Halloween/- Textures/Grass/grass-small-b.png using Guid(0c99fa603b9fdbd47af3df8237d8ae39) Importer(815301076,1909f56bfc062723c751e8b465ee728b)  -> (artifact id: '14d2b5d1f378ab2eb536c9ba26018cc0') in 0.005076 seconds 
  Import took 0.007082 seconds .

========================================================================
Received Import Request.
  Time since last request: 3.495671 seconds.
  path: Assets/polyperfect/Poly Halloween/- Materials/Nature/foliage-a.mat
  artifactKey: Guid(579b1bdc4edeb064e9430e0520bb1a48) Importer(815301076,1909f56bfc062723c751e8b465ee728b)
Start importing Assets/polyperfect/Poly Halloween/- Materials/Nature/foliage-a.mat using Guid(579b1bdc4edeb064e9430e0520bb1a48) Importer(815301076,1909f56bfc062723c751e8b465ee728b)  -> (artifact id: '5fad210f9e5e0bcb9fada69ddac6f154') in 0.726487 seconds 
  Import took 0.731596 seconds .

========================================================================
Received Import Request.
  Time since last request: 28.132758 seconds.
  path: Assets/polyperfect/Poly Halloween/- Textures/VFX
  artifactKey: Guid(b4568954c3108d94a8b02318a8c526cb) Importer(815301076,1909f56bfc062723c751e8b465ee728b)
Start importing Assets/polyperfect/Poly Halloween/- Textures/VFX using Guid(b4568954c3108d94a8b02318a8c526cb) Importer(815301076,1909f56bfc062723c751e8b465ee728b)  -> (artifact id: 'fd3d16e8153a20935dbc936b99d6731b') in 0.001067 seconds 
  Import took 0.002943 seconds .

========================================================================
Received Import Request.
  Time since last request: 0.764609 seconds.
  path: Assets/polyperfect/Poly Halloween/- Textures/VFX/candle-fire.png
  artifactKey: Guid(b77cdcc68e278304dbc672743b6f75f6) Importer(815301076,1909f56bfc062723c751e8b465ee728b)
Start importing Assets/polyperfect/Poly Halloween/- Textures/VFX/candle-fire.png using Guid(b77cdcc68e278304dbc672743b6f75f6) Importer(815301076,1909f56bfc062723c751e8b465ee728b)  -> (artifact id: '4c3d5bf08271ea41b035de4868c9776b') in 0.009888 seconds 
  Import took 0.012027 seconds .

========================================================================
Received Import Request.
  Time since last request: 12.932907 seconds.
  path: Assets/polyperfect/Poly Halloween/- Materials/Skybox-night.mat
  artifactKey: Guid(c9ec6e8fde1426847a863e9ea1b54790) Importer(815301076,1909f56bfc062723c751e8b465ee728b)
Start importing Assets/polyperfect/Poly Halloween/- Materials/Skybox-night.mat using Guid(c9ec6e8fde1426847a863e9ea1b54790) Importer(815301076,1909f56bfc062723c751e8b465ee728b)  -> (artifact id: '6b2033e284c8b100bd79be660bd0814a') in 0.061648 seconds 
  Import took 0.064107 seconds .

========================================================================
Received Import Request.
  Time since last request: 0.000165 seconds.
  path: Assets/polyperfect/Poly Halloween/- Materials/universal-a.mat
  artifactKey: Guid(ec7ae897721ac3547aa48bf2961d00c6) Importer(815301076,1909f56bfc062723c751e8b465ee728b)
Start importing Assets/polyperfect/Poly Halloween/- Materials/universal-a.mat using Guid(ec7ae897721ac3547aa48bf2961d00c6) Importer(815301076,1909f56bfc062723c751e8b465ee728b)  -> (artifact id: '605a3f3802578d9f2d9c2638867ed2d9') in 0.114116 seconds 
  Import took 0.116642 seconds .

========================================================================
Received Import Request.
  Time since last request: 0.000148 seconds.
  path: Assets/polyperfect/Poly Halloween/- Materials/universal-glass-night.mat
  artifactKey: Guid(67ebe340f97be354c98766c2265fb834) Importer(815301076,1909f56bfc062723c751e8b465ee728b)
Start importing Assets/polyperfect/Poly Halloween/- Materials/universal-glass-night.mat using Guid(67ebe340f97be354c98766c2265fb834) Importer(815301076,1909f56bfc062723c751e8b465ee728b)  -> (artifact id: '217a41dc1fe1d79a65d52f8992373fc0') in 0.182480 seconds 
  Import took 0.184900 seconds .

========================================================================
Received Import Request.
  Time since last request: 0.000148 seconds.
  path: Assets/polyperfect/Poly Halloween/- Materials/universal-glass.mat
  artifactKey: Guid(5973b351a46f26f4aa86d73d41691620) Importer(815301076,1909f56bfc062723c751e8b465ee728b)
Start importing Assets/polyperfect/Poly Halloween/- Materials/universal-glass.mat using Guid(5973b351a46f26f4aa86d73d41691620) Importer(815301076,1909f56bfc062723c751e8b465ee728b)  -> (artifact id: '8812cc90c5362b2f734f9823cab6974b') in 0.123758 seconds 
  Import took 0.126429 seconds .

========================================================================
Received Import Request.
  Time since last request: 255.355258 seconds.
  path: Assets/polyperfect/Poly Halloween
  artifactKey: Guid(b01bde89bfb1ab84e829aa58f1f5cde5) Importer(815301076,1909f56bfc062723c751e8b465ee728b)
Start importing Assets/polyperfect/Poly Halloween using Guid(b01bde89bfb1ab84e829aa58f1f5cde5) Importer(815301076,1909f56bfc062723c751e8b465ee728b)  -> (artifact id: '4ea002e18bdf99f1929f9dd872e1e730') in 0.001003 seconds 
  Import took 0.002944 seconds .

========================================================================
Received Import Request.
  Time since last request: 3.229020 seconds.
  path: Assets/polyperfect/Poly Halloween/- Prefabs
  artifactKey: Guid(2f0f97661ded029478cf9558fb6d38eb) Importer(815301076,1909f56bfc062723c751e8b465ee728b)
Start importing Assets/polyperfect/Poly Halloween/- Prefabs using Guid(2f0f97661ded029478cf9558fb6d38eb) Importer(815301076,1909f56bfc062723c751e8b465ee728b)  -> (artifact id: '59f7791683416ab152539dee70764355') in 0.001017 seconds 
  Import took 0.002847 seconds .

========================================================================
Received Import Request.
  Time since last request: 0.092523 seconds.
  path: Assets/polyperfect/Poly Halloween/- Prefabs/First Person Character.prefab
  artifactKey: Guid(7fcfd2b2a44cc3e4d96f3a35ef7a2a56) Importer(815301076,1909f56bfc062723c751e8b465ee728b)
Start importing Assets/polyperfect/Poly Halloween/- Prefabs/First Person Character.prefab using Guid(7fcfd2b2a44cc3e4d96f3a35ef7a2a56) Importer(815301076,1909f56bfc062723c751e8b465ee728b)  -> (artifact id: '9b8cde722ce9fe51f1c76f5e6b5d47a5') in 0.314314 seconds 
  Import took 0.319231 seconds .

========================================================================
Received Import Request.
  Time since last request: 4.201517 seconds.
  path: Assets/polyperfect/Poly Halloween/- Prefabs/People
  artifactKey: Guid(62f90dd37d587034ca9652e887fd91aa) Importer(815301076,1909f56bfc062723c751e8b465ee728b)
Start importing Assets/polyperfect/Poly Halloween/- Prefabs/People using Guid(62f90dd37d587034ca9652e887fd91aa) Importer(815301076,1909f56bfc062723c751e8b465ee728b)  -> (artifact id: 'bc3e6b97caf13f0e32805bfa3cac724c') in 0.000996 seconds 
  Import took 0.003023 seconds .

========================================================================
Received Import Request.
  Time since last request: 0.108674 seconds.
  path: Assets/polyperfect/Poly Halloween/- Prefabs/People/boy-ghost-halloween.prefab
  artifactKey: Guid(5427496dc43752d44916ff576bef363b) Importer(815301076,1909f56bfc062723c751e8b465ee728b)
Start importing Assets/polyperfect/Poly Halloween/- Prefabs/People/boy-ghost-halloween.prefab using Guid(5427496dc43752d44916ff576bef363b) Importer(815301076,1909f56bfc062723c751e8b465ee728b)  -> (artifact id: '93b73ab16a751f03c4646e04a4047da2') in 0.020146 seconds 
  Import took 0.023187 seconds .

========================================================================
Received Import Request.
  Time since last request: 0.000132 seconds.
  path: Assets/polyperfect/Poly Halloween/- Prefabs/People/man-ghost-halloween.prefab
  artifactKey: Guid(2de4fb22ab42969458d1f4738874c2a5) Importer(815301076,1909f56bfc062723c751e8b465ee728b)
Start importing Assets/polyperfect/Poly Halloween/- Prefabs/People/man-ghost-halloween.prefab using Guid(2de4fb22ab42969458d1f4738874c2a5) Importer(815301076,1909f56bfc062723c751e8b465ee728b)  -> (artifact id: '0c15f77fb8dfbd2d8fc1c31c516606af') in 0.021706 seconds 
  Import took 0.024422 seconds .

========================================================================
Received Import Request.
  Time since last request: 0.000138 seconds.
  path: Assets/polyperfect/Poly Halloween/- Prefabs/People/man-killer-halloween.prefab
  artifactKey: Guid(138bea4fcc575f24bb71a706968042c1) Importer(815301076,1909f56bfc062723c751e8b465ee728b)
Start importing Assets/polyperfect/Poly Halloween/- Prefabs/People/man-killer-halloween.prefab using Guid(138bea4fcc575f24bb71a706968042c1) Importer(815301076,1909f56bfc062723c751e8b465ee728b)  -> (artifact id: '85ae9ffbcf2bfd06363e1200d99f5772') in 0.020487 seconds 
  Import took 0.023283 seconds .

========================================================================
Received Import Request.
  Time since last request: 0.000141 seconds.
  path: Assets/polyperfect/Poly Halloween/- Prefabs/People/woman-witch-halloween.prefab
  artifactKey: Guid(c23f25962d63d0742b95fe5d2122caa1) Importer(815301076,1909f56bfc062723c751e8b465ee728b)
Start importing Assets/polyperfect/Poly Halloween/- Prefabs/People/woman-witch-halloween.prefab using Guid(c23f25962d63d0742b95fe5d2122caa1) Importer(815301076,1909f56bfc062723c751e8b465ee728b)  -> (artifact id: '38023d52cc8fa3a87d19e871bc2f4528') in 0.049863 seconds 
  Import took 0.052680 seconds .

========================================================================
Received Import Request.
  Time since last request: 3.900637 seconds.
  path: Assets/polyperfect/Poly Halloween/- Prefabs/Particles/FX-candle-fire.prefab
  artifactKey: Guid(a51513cfb4f19914c8364ff5663f7544) Importer(815301076,1909f56bfc062723c751e8b465ee728b)
Start importing Assets/polyperfect/Poly Halloween/- Prefabs/Particles/FX-candle-fire.prefab using Guid(a51513cfb4f19914c8364ff5663f7544) Importer(815301076,1909f56bfc062723c751e8b465ee728b)  -> (artifact id: '6ea680bb49e89c37b5b14b01f6ff4f03') in 0.081840 seconds 
  Import took 0.084311 seconds .

========================================================================
Received Import Request.
  Time since last request: 3.579680 seconds.
  path: Assets/polyperfect/Poly Halloween/- Prefabs/terrain/terrain.prefab
  artifactKey: Guid(ae223b21e5d3206419603b794c3013ee) Importer(815301076,1909f56bfc062723c751e8b465ee728b)
Start importing Assets/polyperfect/Poly Halloween/- Prefabs/terrain/terrain.prefab using Guid(ae223b21e5d3206419603b794c3013ee) Importer(815301076,1909f56bfc062723c751e8b465ee728b)  -> (artifact id: 'a36ecfd0ad1be31cb1053a37381c2beb') in 0.177838 seconds 
  Import took 0.180615 seconds .

========================================================================
Received Import Request.
  Time since last request: 2.459191 seconds.
  path: Assets/polyperfect/Poly Halloween/- Prefabs/Halloween/book-evil-open.prefab
  artifactKey: Guid(df9d3a724209f5946aa73accb4fc07fd) Importer(815301076,1909f56bfc062723c751e8b465ee728b)
Start importing Assets/polyperfect/Poly Halloween/- Prefabs/Halloween/book-evil-open.prefab using Guid(df9d3a724209f5946aa73accb4fc07fd) Importer(815301076,1909f56bfc062723c751e8b465ee728b)  -> (artifact id: 'd37286ef5333a7b299611cca13e19f6b') in 0.025082 seconds 
  Import took 0.027999 seconds .

========================================================================
Received Import Request.
  Time since last request: 0.000140 seconds.
  path: Assets/polyperfect/Poly Halloween/- Prefabs/Halloween/gate-graveyard.prefab
  artifactKey: Guid(f4bac38393fc7464b8860f011c565933) Importer(815301076,1909f56bfc062723c751e8b465ee728b)
Start importing Assets/polyperfect/Poly Halloween/- Prefabs/Halloween/gate-graveyard.prefab using Guid(f4bac38393fc7464b8860f011c565933) Importer(815301076,1909f56bfc062723c751e8b465ee728b)  -> (artifact id: '8d572e5d575b75aac40feca8384143d9') in 0.047936 seconds 
  Import took 0.050504 seconds .

========================================================================
Received Import Request.
  Time since last request: 0.000138 seconds.
  path: Assets/polyperfect/Poly Halloween/- Prefabs/Halloween/coffin-old.prefab
  artifactKey: Guid(5f7dbd80b21547d4b858ab33922e2740) Importer(815301076,1909f56bfc062723c751e8b465ee728b)
Start importing Assets/polyperfect/Poly Halloween/- Prefabs/Halloween/coffin-old.prefab using Guid(5f7dbd80b21547d4b858ab33922e2740) Importer(815301076,1909f56bfc062723c751e8b465ee728b)  -> (artifact id: 'a6189244cbfc3c76890f1f08714b665a') in 0.020707 seconds 
  Import took 0.023309 seconds .

========================================================================
Received Import Request.
  Time since last request: 0.000135 seconds.
  path: Assets/polyperfect/Poly Halloween/- Prefabs/Halloween/candle-stick-a-unlit.prefab
  artifactKey: Guid(9f7f26e61591cb8448938b9839f1192e) Importer(815301076,1909f56bfc062723c751e8b465ee728b)
Start importing Assets/polyperfect/Poly Halloween/- Prefabs/Halloween/candle-stick-a-unlit.prefab using Guid(9f7f26e61591cb8448938b9839f1192e) Importer(815301076,1909f56bfc062723c751e8b465ee728b)  -> (artifact id: 'ed7cd52a56fab434a931a476c4fd915b') in 0.020447 seconds 
  Import took 0.023081 seconds .

========================================================================
Received Import Request.
  Time since last request: 0.000137 seconds.
  path: Assets/polyperfect/Poly Halloween/- Prefabs/Halloween/candy-a.prefab
  artifactKey: Guid(477741b58e5320d4f8c8f2410f39cc4b) Importer(815301076,1909f56bfc062723c751e8b465ee728b)
Start importing Assets/polyperfect/Poly Halloween/- Prefabs/Halloween/candy-a.prefab using Guid(477741b58e5320d4f8c8f2410f39cc4b) Importer(815301076,1909f56bfc062723c751e8b465ee728b)  -> (artifact id: '139f8335f6e196ed9eaa1c8249a546f5') in 0.020392 seconds 
  Import took 0.023140 seconds .

========================================================================
Received Import Request.
  Time since last request: 0.000143 seconds.
  path: Assets/polyperfect/Poly Halloween/- Prefabs/Halloween/candy-stick.prefab
  artifactKey: Guid(7af4f0a4609974949a9a0ee588dd2f57) Importer(815301076,1909f56bfc062723c751e8b465ee728b)
Start importing Assets/polyperfect/Poly Halloween/- Prefabs/Halloween/candy-stick.prefab using Guid(7af4f0a4609974949a9a0ee588dd2f57) Importer(815301076,1909f56bfc062723c751e8b465ee728b)  -> (artifact id: 'eb545cf9a417bea7dc77ec512c7ca51d') in 0.020023 seconds 
  Import took 0.022629 seconds .

========================================================================
Received Import Request.
  Time since last request: 0.000149 seconds.
  path: Assets/polyperfect/Poly Halloween/- Prefabs/Halloween/candle-skull-lit.prefab
  artifactKey: Guid(369456f238c2221498ccdf16df24b160) Importer(815301076,1909f56bfc062723c751e8b465ee728b)
Start importing Assets/polyperfect/Poly Halloween/- Prefabs/Halloween/candle-skull-lit.prefab using Guid(369456f238c2221498ccdf16df24b160) Importer(815301076,1909f56bfc062723c751e8b465ee728b)  -> (artifact id: 'c7aeebdd5bf341239ff06139a4bcfcfa') in 0.020894 seconds 
  Import took 0.023409 seconds .

========================================================================
Received Import Request.
  Time since last request: 0.000130 seconds.
  path: Assets/polyperfect/Poly Halloween/- Prefabs/Halloween/lanterns-on-string-2m.prefab
  artifactKey: Guid(1ba68f217daf810458ec5dc2f7c131bf) Importer(815301076,1909f56bfc062723c751e8b465ee728b)
Start importing Assets/polyperfect/Poly Halloween/- Prefabs/Halloween/lanterns-on-string-2m.prefab using Guid(1ba68f217daf810458ec5dc2f7c131bf) Importer(815301076,1909f56bfc062723c751e8b465ee728b)  -> (artifact id: 'd7ac3f7b000b7e36c7385685bc31a033') in 0.022598 seconds 
  Import took 0.025281 seconds .

========================================================================
Received Import Request.
  Time since last request: 0.000146 seconds.
  path: Assets/polyperfect/Poly Halloween/- Prefabs/Halloween/book-magical-eye.prefab
  artifactKey: Guid(cac386581a232d24f873b482684674bd) Importer(815301076,1909f56bfc062723c751e8b465ee728b)
Start importing Assets/polyperfect/Poly Halloween/- Prefabs/Halloween/book-magical-eye.prefab using Guid(cac386581a232d24f873b482684674bd) Importer(815301076,1909f56bfc062723c751e8b465ee728b)  -> (artifact id: '6d22303fbc12c39e85cc7e664c5e449a') in 0.021216 seconds 
  Import took 0.023889 seconds .

========================================================================
Received Import Request.
  Time since last request: 0.000143 seconds.
  path: Assets/polyperfect/Poly Halloween/- Prefabs/Halloween/candle-stick-b-unlit.prefab
  artifactKey: Guid(b45cd03fb31c8a54b9d9c3b5a2634d93) Importer(815301076,1909f56bfc062723c751e8b465ee728b)
Start importing Assets/polyperfect/Poly Halloween/- Prefabs/Halloween/candle-stick-b-unlit.prefab using Guid(b45cd03fb31c8a54b9d9c3b5a2634d93) Importer(815301076,1909f56bfc062723c751e8b465ee728b)  -> (artifact id: '918e9d0950b77031806cb3c4a2522806') in 0.020672 seconds 
  Import took 0.023262 seconds .

========================================================================
Received Import Request.
  Time since last request: 0.000144 seconds.
  path: Assets/polyperfect/Poly Halloween/- Prefabs/Halloween/gravestone-old-tower.prefab
  artifactKey: Guid(13b23f35e616a8b45be94a4b9164bcb4) Importer(815301076,1909f56bfc062723c751e8b465ee728b)
Start importing Assets/polyperfect/Poly Halloween/- Prefabs/Halloween/gravestone-old-tower.prefab using Guid(13b23f35e616a8b45be94a4b9164bcb4) Importer(815301076,1909f56bfc062723c751e8b465ee728b)  -> (artifact id: '2d8dfcb852d0beae7aeea6cb25acd5c1') in 0.021136 seconds 
  Import took 0.023842 seconds .

========================================================================
Received Import Request.
  Time since last request: 0.000144 seconds.
  path: Assets/polyperfect/Poly Halloween/- Prefabs/Halloween/candle-stick-a-lit.prefab
  artifactKey: Guid(f07f0fce7694d274fb027cef0a819442) Importer(815301076,1909f56bfc062723c751e8b465ee728b)
Start importing Assets/polyperfect/Poly Halloween/- Prefabs/Halloween/candle-stick-a-lit.prefab using Guid(f07f0fce7694d274fb027cef0a819442) Importer(815301076,1909f56bfc062723c751e8b465ee728b)  -> (artifact id: '1fc8bf3ca7b72e9837f990534742549b') in 0.021355 seconds 
  Import took 0.023908 seconds .

========================================================================
Received Import Request.
  Time since last request: 0.000133 seconds.
  path: Assets/polyperfect/Poly Halloween/- Prefabs/Halloween/candle-skull-unlit.prefab
  artifactKey: Guid(5cd97b84979069440ad59df73c135724) Importer(815301076,1909f56bfc062723c751e8b465ee728b)
Start importing Assets/polyperfect/Poly Halloween/- Prefabs/Halloween/candle-skull-unlit.prefab using Guid(5cd97b84979069440ad59df73c135724) Importer(815301076,1909f56bfc062723c751e8b465ee728b)  -> (artifact id: '7964689a0f37ee032fa0d021be7dfc7f') in 0.020424 seconds 
  Import took 0.022907 seconds .

========================================================================
Received Import Request.
  Time since last request: 0.000148 seconds.
  path: Assets/polyperfect/Poly Halloween/- Prefabs/Halloween/candle-stick-c-unlit.prefab
  artifactKey: Guid(4391509658c90cc418d974050830663e) Importer(815301076,1909f56bfc062723c751e8b465ee728b)
Start importing Assets/polyperfect/Poly Halloween/- Prefabs/Halloween/candle-stick-c-unlit.prefab using Guid(4391509658c90cc418d974050830663e) Importer(815301076,1909f56bfc062723c751e8b465ee728b)  -> (artifact id: '0fab702df19657ca541caaa583855898') in 0.020716 seconds 
  Import took 0.023336 seconds .

========================================================================
Received Import Request.
  Time since last request: 0.000155 seconds.
  path: Assets/polyperfect/Poly Halloween/- Prefabs/Halloween/cauldron-potion-empty.prefab
  artifactKey: Guid(fe6bb0e66688f734a9e4cc5bfb502051) Importer(815301076,1909f56bfc062723c751e8b465ee728b)
Start importing Assets/polyperfect/Poly Halloween/- Prefabs/Halloween/cauldron-potion-empty.prefab using Guid(fe6bb0e66688f734a9e4cc5bfb502051) Importer(815301076,1909f56bfc062723c751e8b465ee728b)  -> (artifact id: '48822cc3a8fe9ad4239f302285806d79') in 0.021870 seconds 
  Import took 0.024506 seconds .

========================================================================
Received Import Request.
  Time since last request: 0.000118 seconds.
  path: Assets/polyperfect/Poly Halloween/- Prefabs/Halloween/gravestone-old-small-a.prefab
  artifactKey: Guid(71715a5082fc03548a75f67b89faf87b) Importer(815301076,1909f56bfc062723c751e8b465ee728b)
Start importing Assets/polyperfect/Poly Halloween/- Prefabs/Halloween/gravestone-old-small-a.prefab using Guid(71715a5082fc03548a75f67b89faf87b) Importer(815301076,1909f56bfc062723c751e8b465ee728b)  -> (artifact id: '405fee17346d6cdbe2a1dcff20656e87') in 0.020404 seconds 
  Import took 0.022994 seconds .

========================================================================
Received Import Request.
  Time since last request: 0.000145 seconds.
  path: Assets/polyperfect/Poly Halloween/- Prefabs/Halloween/book-evil.prefab
  artifactKey: Guid(1885c34483df2264dbe998d6edbb1d3d) Importer(815301076,1909f56bfc062723c751e8b465ee728b)
Start importing Assets/polyperfect/Poly Halloween/- Prefabs/Halloween/book-evil.prefab using Guid(1885c34483df2264dbe998d6edbb1d3d) Importer(815301076,1909f56bfc062723c751e8b465ee728b)  -> (artifact id: '92df66c2f880ab49930c419e3b4c693b') in 0.021299 seconds 
  Import took 0.023843 seconds .

========================================================================
Received Import Request.
  Time since last request: 0.000141 seconds.
  path: Assets/polyperfect/Poly Halloween/- Prefabs/Halloween/gibbet.prefab
  artifactKey: Guid(9166965b178875f48988f6fc3e2b3ff8) Importer(815301076,1909f56bfc062723c751e8b465ee728b)
Start importing Assets/polyperfect/Poly Halloween/- Prefabs/Halloween/gibbet.prefab using Guid(9166965b178875f48988f6fc3e2b3ff8) Importer(815301076,1909f56bfc062723c751e8b465ee728b)  -> (artifact id: 'c479c1ffac70c3bcc341f0152b411acd') in 0.022322 seconds 
  Import took 0.024835 seconds .

========================================================================
Received Import Request.
  Time since last request: 0.000137 seconds.
  path: Assets/polyperfect/Poly Halloween/- Prefabs/Halloween/cauldron-potion-full.prefab
  artifactKey: Guid(6727fc23ce9109444b62e6392293a7a5) Importer(815301076,1909f56bfc062723c751e8b465ee728b)
Start importing Assets/polyperfect/Poly Halloween/- Prefabs/Halloween/cauldron-potion-full.prefab using Guid(6727fc23ce9109444b62e6392293a7a5) Importer(815301076,1909f56bfc062723c751e8b465ee728b)  -> (artifact id: '8f8f27c68c5c3181be94bf63feb4b81e') in 0.021423 seconds 
  Import took 0.024097 seconds .

========================================================================
Received Import Request.
  Time since last request: 0.000153 seconds.
  path: Assets/polyperfect/Poly Halloween/- Prefabs/Halloween/lantern-street-movable-halloween.prefab
  artifactKey: Guid(be6d9d3cddfea994ba51e3cf425087a2) Importer(815301076,1909f56bfc062723c751e8b465ee728b)
Start importing Assets/polyperfect/Poly Halloween/- Prefabs/Halloween/lantern-street-movable-halloween.prefab using Guid(be6d9d3cddfea994ba51e3cf425087a2) Importer(815301076,1909f56bfc062723c751e8b465ee728b)  -> (artifact id: 'b444018473426a617cbbe61cfcc1f3f5') in 0.023594 seconds 
  Import took 0.026456 seconds .

========================================================================
Received Import Request.
  Time since last request: 0.000201 seconds.
  path: Assets/polyperfect/Poly Halloween/- Prefabs/Halloween/lantern-street-fixed-halloween.prefab
  artifactKey: Guid(f24c94125f67fd1428db4b54c387fbef) Importer(815301076,1909f56bfc062723c751e8b465ee728b)
Start importing Assets/polyperfect/Poly Halloween/- Prefabs/Halloween/lantern-street-fixed-halloween.prefab using Guid(f24c94125f67fd1428db4b54c387fbef) Importer(815301076,1909f56bfc062723c751e8b465ee728b)  -> (artifact id: '7b2ce280060101971f0fd1e652ee78e5') in 0.025207 seconds 
  Import took 0.028042 seconds .

========================================================================
Received Import Request.
  Time since last request: 0.000152 seconds.
  path: Assets/polyperfect/Poly Halloween/- Prefabs/Halloween/broom-old.prefab
  artifactKey: Guid(2e51da29feeb3304ca4a9b10fad17142) Importer(815301076,1909f56bfc062723c751e8b465ee728b)
Start importing Assets/polyperfect/Poly Halloween/- Prefabs/Halloween/broom-old.prefab using Guid(2e51da29feeb3304ca4a9b10fad17142) Importer(815301076,1909f56bfc062723c751e8b465ee728b)  -> (artifact id: '0452067545af9cec3d246a1f466daa32') in 0.020194 seconds 
  Import took 0.022666 seconds .

========================================================================
Received Import Request.
  Time since last request: 0.000140 seconds.
  path: Assets/polyperfect/Poly Halloween/- Prefabs/Halloween/gravestone-old-classic-broken.prefab
  artifactKey: Guid(e54b5da67e1b90f4e91949ca516a50ae) Importer(815301076,1909f56bfc062723c751e8b465ee728b)
Start importing Assets/polyperfect/Poly Halloween/- Prefabs/Halloween/gravestone-old-classic-broken.prefab using Guid(e54b5da67e1b90f4e91949ca516a50ae) Importer(815301076,1909f56bfc062723c751e8b465ee728b)  -> (artifact id: 'f4a93636521cea754e69168ce55e1297') in 0.020545 seconds 
  Import took 0.023311 seconds .

========================================================================
Received Import Request.
  Time since last request: 0.000145 seconds.
  path: Assets/polyperfect/Poly Halloween/- Prefabs/Halloween/gravestone-old-small-b.prefab
  artifactKey: Guid(d9b0ea3d8b855e64e90499c5d5981ac7) Importer(815301076,1909f56bfc062723c751e8b465ee728b)
Start importing Assets/polyperfect/Poly Halloween/- Prefabs/Halloween/gravestone-old-small-b.prefab using Guid(d9b0ea3d8b855e64e90499c5d5981ac7) Importer(815301076,1909f56bfc062723c751e8b465ee728b)  -> (artifact id: '5d8cabf5b278fb4455bff79704108a94') in 0.020407 seconds 
  Import took 0.023075 seconds .

========================================================================
Received Import Request.
  Time since last request: 0.000150 seconds.
  path: Assets/polyperfect/Poly Halloween/- Prefabs/Halloween/candle-stick-b-lit.prefab
  artifactKey: Guid(0e9693ac26dbb2a4db66ef31594e5778) Importer(815301076,1909f56bfc062723c751e8b465ee728b)
Start importing Assets/polyperfect/Poly Halloween/- Prefabs/Halloween/candle-stick-b-lit.prefab using Guid(0e9693ac26dbb2a4db66ef31594e5778) Importer(815301076,1909f56bfc062723c751e8b465ee728b)  -> (artifact id: '341cf24c7b46e908594ebcc472cec3e5') in 0.021461 seconds 
  Import took 0.024515 seconds .

========================================================================
Received Import Request.
  Time since last request: 0.000153 seconds.
  path: Assets/polyperfect/Poly Halloween/- Prefabs/Halloween/coffin-new.prefab
  artifactKey: Guid(213d2b56253be4d4cbfb202ddb822757) Importer(815301076,1909f56bfc062723c751e8b465ee728b)
Start importing Assets/polyperfect/Poly Halloween/- Prefabs/Halloween/coffin-new.prefab using Guid(213d2b56253be4d4cbfb202ddb822757) Importer(815301076,1909f56bfc062723c751e8b465ee728b)  -> (artifact id: '814db2c9898c6df3c3a57ca5e3610b55') in 0.020435 seconds 
  Import took 0.023055 seconds .

========================================================================
Received Import Request.
  Time since last request: 0.000144 seconds.
  path: Assets/polyperfect/Poly Halloween/- Prefabs/Halloween/guillotine.prefab
  artifactKey: Guid(a1693ae0c46d27742a69379223ec91e0) Importer(815301076,1909f56bfc062723c751e8b465ee728b)
Start importing Assets/polyperfect/Poly Halloween/- Prefabs/Halloween/guillotine.prefab using Guid(a1693ae0c46d27742a69379223ec91e0) Importer(815301076,1909f56bfc062723c751e8b465ee728b)  -> (artifact id: 'ad1f435fb78382dc4b32c5291815f6cd') in 0.020775 seconds 
  Import took 0.023353 seconds .

========================================================================
Received Import Request.
  Time since last request: 0.000158 seconds.
  path: Assets/polyperfect/Poly Halloween/- Prefabs/Halloween/candy-pumpkin.prefab
  artifactKey: Guid(02a2903fd6ff3bb46b4e541371cc79e4) Importer(815301076,1909f56bfc062723c751e8b465ee728b)
Start importing Assets/polyperfect/Poly Halloween/- Prefabs/Halloween/candy-pumpkin.prefab using Guid(02a2903fd6ff3bb46b4e541371cc79e4) Importer(815301076,1909f56bfc062723c751e8b465ee728b)  -> (artifact id: '557f3796c9a9f61b1ce000946a912025') in 0.021079 seconds 
  Import took 0.023755 seconds .

========================================================================
Received Import Request.
  Time since last request: 0.000143 seconds.
  path: Assets/polyperfect/Poly Halloween/- Prefabs/Halloween/candy-corn.prefab
  artifactKey: Guid(ea6d0d79c6f9e514c9c7594bbaeac82f) Importer(815301076,1909f56bfc062723c751e8b465ee728b)
Start importing Assets/polyperfect/Poly Halloween/- Prefabs/Halloween/candy-corn.prefab using Guid(ea6d0d79c6f9e514c9c7594bbaeac82f) Importer(815301076,1909f56bfc062723c751e8b465ee728b)  -> (artifact id: '4ddcff9bdd53c43dbd2fbea2c4a9e9c0') in 0.020410 seconds 
  Import took 0.023088 seconds .

========================================================================
Received Import Request.
  Time since last request: 0.000134 seconds.
  path: Assets/polyperfect/Poly Halloween/- Prefabs/Halloween/book-stand-halloween.prefab
  artifactKey: Guid(e0ff17931e0cd604f9658b2ae15aea66) Importer(815301076,1909f56bfc062723c751e8b465ee728b)
Start importing Assets/polyperfect/Poly Halloween/- Prefabs/Halloween/book-stand-halloween.prefab using Guid(e0ff17931e0cd604f9658b2ae15aea66) Importer(815301076,1909f56bfc062723c751e8b465ee728b)  -> (artifact id: '3abb337d363f79716d97739cbf331e7a') in 0.021014 seconds 
  Import took 0.023785 seconds .

========================================================================
Received Import Request.
  Time since last request: 0.000145 seconds.
  path: Assets/polyperfect/Poly Halloween/- Prefabs/Halloween/candle-stick-c-lit.prefab
  artifactKey: Guid(56a8d26a8ddc01547ba373e951dc5960) Importer(815301076,1909f56bfc062723c751e8b465ee728b)
Start importing Assets/polyperfect/Poly Halloween/- Prefabs/Halloween/candle-stick-c-lit.prefab using Guid(56a8d26a8ddc01547ba373e951dc5960) Importer(815301076,1909f56bfc062723c751e8b465ee728b)  -> (artifact id: 'cb3b411a512a4d3579994e2f6af16af8') in 0.020094 seconds 
  Import took 0.022606 seconds .

========================================================================
Received Import Request.
  Time since last request: 0.000147 seconds.
  path: Assets/polyperfect/Poly Halloween/- Prefabs/Halloween/candle-spine-unlit.prefab
  artifactKey: Guid(e69a535f6a22eab498c241f403605cf2) Importer(815301076,1909f56bfc062723c751e8b465ee728b)
Start importing Assets/polyperfect/Poly Halloween/- Prefabs/Halloween/candle-spine-unlit.prefab using Guid(e69a535f6a22eab498c241f403605cf2) Importer(815301076,1909f56bfc062723c751e8b465ee728b)  -> (artifact id: '483f8b571d9ee504d94d63fa8689543c') in 0.020847 seconds 
  Import took 0.023497 seconds .

========================================================================
Received Import Request.
  Time since last request: 0.000149 seconds.
  path: Assets/polyperfect/Poly Halloween/- Prefabs/Halloween/gravestone-old-classic-cross.prefab
  artifactKey: Guid(de2d09b271cfb144ab19747dc1626af1) Importer(815301076,1909f56bfc062723c751e8b465ee728b)
Start importing Assets/polyperfect/Poly Halloween/- Prefabs/Halloween/gravestone-old-classic-cross.prefab using Guid(de2d09b271cfb144ab19747dc1626af1) Importer(815301076,1909f56bfc062723c751e8b465ee728b)  -> (artifact id: 'f793e2f7eb6aeeb827376ab0de57c057') in 0.020105 seconds 
  Import took 0.022728 seconds .

========================================================================
Received Import Request.
  Time since last request: 0.000130 seconds.
  path: Assets/polyperfect/Poly Halloween/- Prefabs/Halloween/gravestone-old-cross.prefab
  artifactKey: Guid(802993c0a67c1474a8e45bec6ae1a495) Importer(815301076,1909f56bfc062723c751e8b465ee728b)
Start importing Assets/polyperfect/Poly Halloween/- Prefabs/Halloween/gravestone-old-cross.prefab using Guid(802993c0a67c1474a8e45bec6ae1a495) Importer(815301076,1909f56bfc062723c751e8b465ee728b)  -> (artifact id: 'e1f94c8e4660b4cab3170d4474a35e76') in 0.020601 seconds 
  Import took 0.023210 seconds .

========================================================================
Received Import Request.
  Time since last request: 0.000144 seconds.
  path: Assets/polyperfect/Poly Halloween/- Prefabs/Halloween/hand-severed.prefab
  artifactKey: Guid(7df99659d49e4c946a622409e384e6de) Importer(815301076,1909f56bfc062723c751e8b465ee728b)
Start importing Assets/polyperfect/Poly Halloween/- Prefabs/Halloween/hand-severed.prefab using Guid(7df99659d49e4c946a622409e384e6de) Importer(815301076,1909f56bfc062723c751e8b465ee728b)  -> (artifact id: '1a158427a1b67cccd375c97af714cdec') in 0.049658 seconds 
  Import took 0.052260 seconds .

========================================================================
Received Import Request.
  Time since last request: 0.000139 seconds.
  path: Assets/polyperfect/Poly Halloween/- Prefabs/Halloween/gravestone-old-small-c.prefab
  artifactKey: Guid(2ae467c0e5884e34eb2cf44d3defd2d0) Importer(815301076,1909f56bfc062723c751e8b465ee728b)
Start importing Assets/polyperfect/Poly Halloween/- Prefabs/Halloween/gravestone-old-small-c.prefab using Guid(2ae467c0e5884e34eb2cf44d3defd2d0) Importer(815301076,1909f56bfc062723c751e8b465ee728b)  -> (artifact id: '176dd6e614c023b85bd67be59bde5376') in 0.021089 seconds 
  Import took 0.023776 seconds .

========================================================================
Received Import Request.
  Time since last request: 0.000146 seconds.
  path: Assets/polyperfect/Poly Halloween/- Prefabs/Halloween/candle-finger-holder-lit.prefab
  artifactKey: Guid(c85864aae28330e49ae362ef6709cfa0) Importer(815301076,1909f56bfc062723c751e8b465ee728b)
Start importing Assets/polyperfect/Poly Halloween/- Prefabs/Halloween/candle-finger-holder-lit.prefab using Guid(c85864aae28330e49ae362ef6709cfa0) Importer(815301076,1909f56bfc062723c751e8b465ee728b)  -> (artifact id: '2fd8102e09443bc2194a08cbd6b14e35') in 0.020358 seconds 
  Import took 0.022903 seconds .

========================================================================
Received Import Request.
  Time since last request: 0.000158 seconds.
  path: Assets/polyperfect/Poly Halloween/- Prefabs/Halloween/candle-spine-lit.prefab
  artifactKey: Guid(e9d1fe4365b88924fb5b97ea37edfb6b) Importer(815301076,1909f56bfc062723c751e8b465ee728b)
Start importing Assets/polyperfect/Poly Halloween/- Prefabs/Halloween/candle-spine-lit.prefab using Guid(e9d1fe4365b88924fb5b97ea37edfb6b) Importer(815301076,1909f56bfc062723c751e8b465ee728b)  -> (artifact id: 'eedf635c8bef123581d7a2404916990f') in 0.022055 seconds 
  Import took 0.024688 seconds .

========================================================================
Received Import Request.
  Time since last request: 0.000161 seconds.
  path: Assets/polyperfect/Poly Halloween/- Prefabs/Halloween/candle-finger-holder-unlit.prefab
  artifactKey: Guid(a8a6944873c3a3a40ae7156193549f12) Importer(815301076,1909f56bfc062723c751e8b465ee728b)
Start importing Assets/polyperfect/Poly Halloween/- Prefabs/Halloween/candle-finger-holder-unlit.prefab using Guid(a8a6944873c3a3a40ae7156193549f12) Importer(815301076,1909f56bfc062723c751e8b465ee728b)  -> (artifact id: 'dc52b480103f603466d38f6be4ddec7e') in 0.020851 seconds 
  Import took 0.023626 seconds .

========================================================================
Received Import Request.
  Time since last request: 0.000149 seconds.
  path: Assets/polyperfect/Poly Halloween/- Prefabs/Halloween/hole-graveyard.prefab
  artifactKey: Guid(681d246977554b146b68ac0bc80c5289) Importer(815301076,1909f56bfc062723c751e8b465ee728b)
Start importing Assets/polyperfect/Poly Halloween/- Prefabs/Halloween/hole-graveyard.prefab using Guid(681d246977554b146b68ac0bc80c5289) Importer(815301076,1909f56bfc062723c751e8b465ee728b)  -> (artifact id: 'bd1bf1f17fe947f4c087c50ff516d9bf') in 0.021531 seconds 
  Import took 0.023997 seconds .

========================================================================
Received Import Request.
  Time since last request: 0.000139 seconds.
  path: Assets/polyperfect/Poly Halloween/- Prefabs/Halloween/lanterns-on-string-3m.prefab
  artifactKey: Guid(9d511107e9279ba498a7f99b3f32d2ac) Importer(815301076,1909f56bfc062723c751e8b465ee728b)
Start importing Assets/polyperfect/Poly Halloween/- Prefabs/Halloween/lanterns-on-string-3m.prefab using Guid(9d511107e9279ba498a7f99b3f32d2ac) Importer(815301076,1909f56bfc062723c751e8b465ee728b)  -> (artifact id: '3e10c0dcb9809066815944a10c319b8c') in 0.020705 seconds 
  Import took 0.023430 seconds .

========================================================================
Received Import Request.
  Time since last request: 8.249735 seconds.
  path: Assets/polyperfect/Poly Halloween/- Prefabs/Halloween/lanterns-on-string-5m.prefab
  artifactKey: Guid(995e3c8df9e740948b260bfa99b6c405) Importer(815301076,1909f56bfc062723c751e8b465ee728b)
Start importing Assets/polyperfect/Poly Halloween/- Prefabs/Halloween/lanterns-on-string-5m.prefab using Guid(995e3c8df9e740948b260bfa99b6c405) Importer(815301076,1909f56bfc062723c751e8b465ee728b)  -> (artifact id: '11132e2bea6733eaed90da1d9aa263b1') in 0.021156 seconds 
  Import took 0.024028 seconds .

========================================================================
Received Import Request.
  Time since last request: 0.000243 seconds.
  path: Assets/polyperfect/Poly Halloween/- Prefabs/Halloween/mushroom-magical-cluster-a.prefab
  artifactKey: Guid(17ecc69fedc732d4b96ab4722d7dd95f) Importer(815301076,1909f56bfc062723c751e8b465ee728b)
Start importing Assets/polyperfect/Poly Halloween/- Prefabs/Halloween/mushroom-magical-cluster-a.prefab using Guid(17ecc69fedc732d4b96ab4722d7dd95f) Importer(815301076,1909f56bfc062723c751e8b465ee728b)  -> (artifact id: '7d6f7b7db8ab75e0773227b24793d3db') in 0.023944 seconds 
  Import took 0.026528 seconds .

========================================================================
Received Import Request.
  Time since last request: 0.000165 seconds.
  path: Assets/polyperfect/Poly Halloween/- Prefabs/Halloween/mushroom-magical-champignon-a.prefab
  artifactKey: Guid(d612f6a8366b16945939d1cf3ef5ae37) Importer(815301076,1909f56bfc062723c751e8b465ee728b)
Start importing Assets/polyperfect/Poly Halloween/- Prefabs/Halloween/mushroom-magical-champignon-a.prefab using Guid(d612f6a8366b16945939d1cf3ef5ae37) Importer(815301076,1909f56bfc062723c751e8b465ee728b)  -> (artifact id: '371cfb868d66d8cb445d5db47577a8eb') in 0.019670 seconds 
  Import took 0.022319 seconds .

========================================================================
Received Import Request.
  Time since last request: 0.000142 seconds.
  path: Assets/polyperfect/Poly Halloween/- Prefabs/Halloween/mushroom-magical-champignon-c.prefab
  artifactKey: Guid(813c4a802d5e4cf48a8c35827d1e21d7) Importer(815301076,1909f56bfc062723c751e8b465ee728b)
Start importing Assets/polyperfect/Poly Halloween/- Prefabs/Halloween/mushroom-magical-champignon-c.prefab using Guid(813c4a802d5e4cf48a8c35827d1e21d7) Importer(815301076,1909f56bfc062723c751e8b465ee728b)  -> (artifact id: 'd4510e7c96bfb4950843fa17ff1f0fc0') in 0.021274 seconds 
  Import took 0.024050 seconds .

========================================================================
Received Import Request.
  Time since last request: 0.000139 seconds.
  path: Assets/polyperfect/Poly Halloween/- Prefabs/Halloween/lollipop-flat-a.prefab
  artifactKey: Guid(235453bd5573550408d145c0b6db75dc) Importer(815301076,1909f56bfc062723c751e8b465ee728b)
Start importing Assets/polyperfect/Poly Halloween/- Prefabs/Halloween/lollipop-flat-a.prefab using Guid(235453bd5573550408d145c0b6db75dc) Importer(815301076,1909f56bfc062723c751e8b465ee728b)  -> (artifact id: 'd54099db01090fce4f4f4b18a83add6b') in 0.020843 seconds 
  Import took 0.023372 seconds .

========================================================================
Received Import Request.
  Time since last request: 0.000147 seconds.
  path: Assets/polyperfect/Poly Halloween/- Prefabs/Halloween/mushroom-magical-amanita-mature.prefab
  artifactKey: Guid(a629a3959f8b3c24e90fb06d496c5cd6) Importer(815301076,1909f56bfc062723c751e8b465ee728b)
Start importing Assets/polyperfect/Poly Halloween/- Prefabs/Halloween/mushroom-magical-amanita-mature.prefab using Guid(a629a3959f8b3c24e90fb06d496c5cd6) Importer(815301076,1909f56bfc062723c751e8b465ee728b)  -> (artifact id: '178bc077af1f4f34a6cb2f2a14aa1c9a') in 0.020714 seconds 
  Import took 0.023380 seconds .

========================================================================
Received Import Request.
  Time since last request: 0.000140 seconds.
  path: Assets/polyperfect/Poly Halloween/- Prefabs/Halloween/mushroom-magical-champignon-b.prefab
  artifactKey: Guid(fffba91942c50aa4a8e8455edade1bfd) Importer(815301076,1909f56bfc062723c751e8b465ee728b)
Start importing Assets/polyperfect/Poly Halloween/- Prefabs/Halloween/mushroom-magical-champignon-b.prefab using Guid(fffba91942c50aa4a8e8455edade1bfd) Importer(815301076,1909f56bfc062723c751e8b465ee728b)  -> (artifact id: 'c2fe6d1a2cdd500b28bfaddd2d184af5') in 0.020409 seconds 
  Import took 0.023078 seconds .

========================================================================
Received Import Request.
  Time since last request: 0.000143 seconds.
  path: Assets/polyperfect/Poly Halloween/- Prefabs/Halloween/mushroom-magical-amanita-baby.prefab
  artifactKey: Guid(33fd26760d9e0744882bcc652ba86ae0) Importer(815301076,1909f56bfc062723c751e8b465ee728b)
Start importing Assets/polyperfect/Poly Halloween/- Prefabs/Halloween/mushroom-magical-amanita-baby.prefab using Guid(33fd26760d9e0744882bcc652ba86ae0) Importer(815301076,1909f56bfc062723c751e8b465ee728b)  -> (artifact id: '85144ede51d6f6537d2df1905b0de324') in 0.019878 seconds 
  Import took 0.022385 seconds .

========================================================================
Received Import Request.
  Time since last request: 0.000161 seconds.
  path: Assets/polyperfect/Poly Halloween/- Prefabs/Halloween/lollipop-round-a.prefab
  artifactKey: Guid(3e02d5297645e584bb25aec22913ffbf) Importer(815301076,1909f56bfc062723c751e8b465ee728b)
Start importing Assets/polyperfect/Poly Halloween/- Prefabs/Halloween/lollipop-round-a.prefab using Guid(3e02d5297645e584bb25aec22913ffbf) Importer(815301076,1909f56bfc062723c751e8b465ee728b)  -> (artifact id: '8ca5eec617a7dd05bb96d25f1922fb08') in 0.021654 seconds 
  Import took 0.024311 seconds .

========================================================================
Received Import Request.
  Time since last request: 0.000146 seconds.
  path: Assets/polyperfect/Poly Halloween/- Prefabs/Halloween/lollipop-flat-b.prefab
  artifactKey: Guid(b5926654dfa9b1542863022636efddcc) Importer(815301076,1909f56bfc062723c751e8b465ee728b)
Start importing Assets/polyperfect/Poly Halloween/- Prefabs/Halloween/lollipop-flat-b.prefab using Guid(b5926654dfa9b1542863022636efddcc) Importer(815301076,1909f56bfc062723c751e8b465ee728b)  -> (artifact id: 'a3dd1a17cf0e18eb3f0a8db7c8a9b094') in 0.020688 seconds 
  Import took 0.023385 seconds .

========================================================================
Received Import Request.
  Time since last request: 1.105185 seconds.
  path: Assets/polyperfect/Poly Halloween/- Prefabs/Halloween/mushroom-magical-cluster-b.prefab
  artifactKey: Guid(3d3d834937d9f3a49b4c07f06f6f51b9) Importer(815301076,1909f56bfc062723c751e8b465ee728b)
Start importing Assets/polyperfect/Poly Halloween/- Prefabs/Halloween/mushroom-magical-cluster-b.prefab using Guid(3d3d834937d9f3a49b4c07f06f6f51b9) Importer(815301076,1909f56bfc062723c751e8b465ee728b)  -> (artifact id: '7657a55aad8dbab3f35524179f35f968') in 0.021006 seconds 
  Import took 0.024040 seconds .

========================================================================
Received Import Request.
  Time since last request: 0.000142 seconds.
  path: Assets/polyperfect/Poly Halloween/- Prefabs/Halloween/pumpkin-carved-lit-c.prefab
  artifactKey: Guid(dce89cb9f874bbb4ca1d87d699e86d59) Importer(815301076,1909f56bfc062723c751e8b465ee728b)
Start importing Assets/polyperfect/Poly Halloween/- Prefabs/Halloween/pumpkin-carved-lit-c.prefab using Guid(dce89cb9f874bbb4ca1d87d699e86d59) Importer(815301076,1909f56bfc062723c751e8b465ee728b)  -> (artifact id: 'f250f1ff6fbda75edce740d419567914') in 0.020510 seconds 
  Import took 0.022996 seconds .

========================================================================
Received Import Request.
  Time since last request: 0.000142 seconds.
  path: Assets/polyperfect/Poly Halloween/- Prefabs/Halloween/scarecrow-a.prefab
  artifactKey: Guid(6466f21c32f0b664d8f3c4d04a087c49) Importer(815301076,1909f56bfc062723c751e8b465ee728b)
Start importing Assets/polyperfect/Poly Halloween/- Prefabs/Halloween/scarecrow-a.prefab using Guid(6466f21c32f0b664d8f3c4d04a087c49) Importer(815301076,1909f56bfc062723c751e8b465ee728b)  -> (artifact id: '1e8456d9bbfc14b1eed6cb964ff80c88') in 0.021162 seconds 
  Import took 0.023615 seconds .

========================================================================
Received Import Request.
  Time since last request: 0.000143 seconds.
  path: Assets/polyperfect/Poly Halloween/- Prefabs/Halloween/pumpkin-carved-lit-b.prefab
  artifactKey: Guid(32a07afdb9244484ea69e3551e9cbd4f) Importer(815301076,1909f56bfc062723c751e8b465ee728b)
Start importing Assets/polyperfect/Poly Halloween/- Prefabs/Halloween/pumpkin-carved-lit-b.prefab using Guid(32a07afdb9244484ea69e3551e9cbd4f) Importer(815301076,1909f56bfc062723c751e8b465ee728b)  -> (artifact id: '37de00fb9c3f3dcc1403cf846245b82d') in 0.021398 seconds 
  Import took 0.024037 seconds .

========================================================================
Received Import Request.
  Time since last request: 0.000154 seconds.
  path: Assets/polyperfect/Poly Halloween/- Prefabs/Halloween/pumpkin-carved-lit-a.prefab
  artifactKey: Guid(81a373bf062c567419256ed415c47f4b) Importer(815301076,1909f56bfc062723c751e8b465ee728b)
Start importing Assets/polyperfect/Poly Halloween/- Prefabs/Halloween/pumpkin-carved-lit-a.prefab using Guid(81a373bf062c567419256ed415c47f4b) Importer(815301076,1909f56bfc062723c751e8b465ee728b)  -> (artifact id: '7d5522e51ad0e40fe4ddcae8da7a2982') in 0.021025 seconds 
  Import took 0.023613 seconds .

========================================================================
Received Import Request.
  Time since last request: 0.000147 seconds.
  path: Assets/polyperfect/Poly Halloween/- Prefabs/Halloween/pumpkin-carved-b.prefab
  artifactKey: Guid(af636b4a2386385498c4965db0064a73) Importer(815301076,1909f56bfc062723c751e8b465ee728b)
Start importing Assets/polyperfect/Poly Halloween/- Prefabs/Halloween/pumpkin-carved-b.prefab using Guid(af636b4a2386385498c4965db0064a73) Importer(815301076,1909f56bfc062723c751e8b465ee728b)  -> (artifact id: '1458e1771a908fc690c238126f30b4a0') in 0.020666 seconds 
  Import took 0.023205 seconds .

========================================================================
Received Import Request.
  Time since last request: 0.000147 seconds.
  path: Assets/polyperfect/Poly Halloween/- Prefabs/Halloween/pumpkin-carved-c.prefab
  artifactKey: Guid(737b2ceae882db340aac61b2125abb1e) Importer(815301076,1909f56bfc062723c751e8b465ee728b)
Start importing Assets/polyperfect/Poly Halloween/- Prefabs/Halloween/pumpkin-carved-c.prefab using Guid(737b2ceae882db340aac61b2125abb1e) Importer(815301076,1909f56bfc062723c751e8b465ee728b)  -> (artifact id: 'd8301c465ab213a64dd6b5914df728fa') in 0.020333 seconds 
  Import took 0.022943 seconds .

========================================================================
Received Import Request.
  Time since last request: 0.000149 seconds.
  path: Assets/polyperfect/Poly Halloween/- Prefabs/Halloween/pumpkin-a.prefab
  artifactKey: Guid(36694657a5f6ed44ca298dd8501b1122) Importer(815301076,1909f56bfc062723c751e8b465ee728b)
Start importing Assets/polyperfect/Poly Halloween/- Prefabs/Halloween/pumpkin-a.prefab using Guid(36694657a5f6ed44ca298dd8501b1122) Importer(815301076,1909f56bfc062723c751e8b465ee728b)  -> (artifact id: 'f672b2a46a93758d0b799b64723216ce') in 0.022279 seconds 
  Import took 0.024953 seconds .

========================================================================
Received Import Request.
  Time since last request: 0.000144 seconds.
  path: Assets/polyperfect/Poly Halloween/- Prefabs/Halloween/pumpkin-carved-a.prefab
  artifactKey: Guid(94db350adfd5a3d4eb7c62ccad6d22ab) Importer(815301076,1909f56bfc062723c751e8b465ee728b)
Start importing Assets/polyperfect/Poly Halloween/- Prefabs/Halloween/pumpkin-carved-a.prefab using Guid(94db350adfd5a3d4eb7c62ccad6d22ab) Importer(815301076,1909f56bfc062723c751e8b465ee728b)  -> (artifact id: '3510a1a66f6bd9ecaac0d5487a2311cc') in 0.020306 seconds 
  Import took 0.022986 seconds .

========================================================================
Received Import Request.
  Time since last request: 0.000151 seconds.
  path: Assets/polyperfect/Poly Halloween/- Prefabs/Halloween/pumpkin-candy.prefab
  artifactKey: Guid(8aa9f0eeaf116a8469f8cda342757ddb) Importer(815301076,1909f56bfc062723c751e8b465ee728b)
Start importing Assets/polyperfect/Poly Halloween/- Prefabs/Halloween/pumpkin-candy.prefab using Guid(8aa9f0eeaf116a8469f8cda342757ddb) Importer(815301076,1909f56bfc062723c751e8b465ee728b)  -> (artifact id: '45714196c4ea5287899b63e62b90aa17') in 0.021907 seconds 
  Import took 0.024614 seconds .

========================================================================
Received Import Request.
  Time since last request: 1.209694 seconds.
  path: Assets/polyperfect/Poly Halloween/- Prefabs/Halloween/scarecrow-b.prefab
  artifactKey: Guid(b690cb73b33aed849b8f65e31595dea7) Importer(815301076,1909f56bfc062723c751e8b465ee728b)
Start importing Assets/polyperfect/Poly Halloween/- Prefabs/Halloween/scarecrow-b.prefab using Guid(b690cb73b33aed849b8f65e31595dea7) Importer(815301076,1909f56bfc062723c751e8b465ee728b)  -> (artifact id: 'd93adda250e445015b337d5707811159') in 0.021346 seconds 
  Import took 0.024368 seconds .

========================================================================
Received Import Request.
  Time since last request: 0.000141 seconds.
  path: Assets/polyperfect/Poly Halloween/- Prefabs/Halloween/string-of-flags-2m.prefab
  artifactKey: Guid(cf1c900a9c6297b4bab69c67eea65093) Importer(815301076,1909f56bfc062723c751e8b465ee728b)
Start importing Assets/polyperfect/Poly Halloween/- Prefabs/Halloween/string-of-flags-2m.prefab using Guid(cf1c900a9c6297b4bab69c67eea65093) Importer(815301076,1909f56bfc062723c751e8b465ee728b)  -> (artifact id: 'f3720b1b3748315403570b67452d2dfe') in 0.020317 seconds 
  Import took 0.022792 seconds .

========================================================================
Received Import Request.
  Time since last request: 0.000151 seconds.
  path: Assets/polyperfect/Poly Halloween/- Prefabs/Halloween/wall-graveyard-1m.prefab
  artifactKey: Guid(a360f7d95901f2e4081dccc2d8cd0542) Importer(815301076,1909f56bfc062723c751e8b465ee728b)
Start importing Assets/polyperfect/Poly Halloween/- Prefabs/Halloween/wall-graveyard-1m.prefab using Guid(a360f7d95901f2e4081dccc2d8cd0542) Importer(815301076,1909f56bfc062723c751e8b465ee728b)  -> (artifact id: '66722427a22ab0f49e640f6b85428879') in 0.020942 seconds 
  Import took 0.023583 seconds .

========================================================================
Received Import Request.
  Time since last request: 0.000160 seconds.
  path: Assets/polyperfect/Poly Halloween/- Prefabs/Halloween/stump-possesed.prefab
  artifactKey: Guid(6d58392d0b7c5a44a82040de4cdf5f68) Importer(815301076,1909f56bfc062723c751e8b465ee728b)
Start importing Assets/polyperfect/Poly Halloween/- Prefabs/Halloween/stump-possesed.prefab using Guid(6d58392d0b7c5a44a82040de4cdf5f68) Importer(815301076,1909f56bfc062723c751e8b465ee728b)  -> (artifact id: 'debfec6f24f2818d45c49981692e62d2') in 0.020730 seconds 
  Import took 0.023384 seconds .

========================================================================
Received Import Request.
  Time since last request: 0.000144 seconds.
  path: Assets/polyperfect/Poly Halloween/- Prefabs/Halloween/shovel-gravedigger.prefab
  artifactKey: Guid(f30aa3ad24da6454696bbf72dce6a69a) Importer(815301076,1909f56bfc062723c751e8b465ee728b)
Start importing Assets/polyperfect/Poly Halloween/- Prefabs/Halloween/shovel-gravedigger.prefab using Guid(f30aa3ad24da6454696bbf72dce6a69a) Importer(815301076,1909f56bfc062723c751e8b465ee728b)  -> (artifact id: 'dc9cab17f82a5090ea3f4da1791ec08b') in 0.020486 seconds 
  Import took 0.023015 seconds .

========================================================================
Received Import Request.
  Time since last request: 0.000160 seconds.
  path: Assets/polyperfect/Poly Halloween/- Prefabs/Halloween/string-of-flags-3m.prefab
  artifactKey: Guid(849ba2d3e5872ea418a8fd36343014de) Importer(815301076,1909f56bfc062723c751e8b465ee728b)
Start importing Assets/polyperfect/Poly Halloween/- Prefabs/Halloween/string-of-flags-3m.prefab using Guid(849ba2d3e5872ea418a8fd36343014de) Importer(815301076,1909f56bfc062723c751e8b465ee728b)  -> (artifact id: '3eca11fa351bcbbe18c50520bee85262') in 0.020795 seconds 
  Import took 0.023392 seconds .

========================================================================
Received Import Request.
  Time since last request: 0.000153 seconds.
  path: Assets/polyperfect/Poly Halloween/- Prefabs/Halloween/tree-scary-dead.prefab
  artifactKey: Guid(0c2f1fb509b67014bbd7626f123123d4) Importer(815301076,1909f56bfc062723c751e8b465ee728b)
Start importing Assets/polyperfect/Poly Halloween/- Prefabs/Halloween/tree-scary-dead.prefab using Guid(0c2f1fb509b67014bbd7626f123123d4) Importer(815301076,1909f56bfc062723c751e8b465ee728b)  -> (artifact id: '9b3704a4b29819f4845e2ae34b8aa0da') in 0.021116 seconds 
  Import took 0.023606 seconds .

========================================================================
Received Import Request.
  Time since last request: 0.000141 seconds.
  path: Assets/polyperfect/Poly Halloween/- Prefabs/Halloween/scythe.prefab
  artifactKey: Guid(5d1c6b9606695db4f95ec9b45a56a860) Importer(815301076,1909f56bfc062723c751e8b465ee728b)
Start importing Assets/polyperfect/Poly Halloween/- Prefabs/Halloween/scythe.prefab using Guid(5d1c6b9606695db4f95ec9b45a56a860) Importer(815301076,1909f56bfc062723c751e8b465ee728b)  -> (artifact id: 'e6f02e94ddb33b99719c60c45415c241') in 0.020250 seconds 
  Import took 0.023089 seconds .

========================================================================
Received Import Request.
  Time since last request: 0.000148 seconds.
  path: Assets/polyperfect/Poly Halloween/- Prefabs/Halloween/string-of-flags-5m.prefab
  artifactKey: Guid(e599aac102f3b92438c6de45169052e4) Importer(815301076,1909f56bfc062723c751e8b465ee728b)
Start importing Assets/polyperfect/Poly Halloween/- Prefabs/Halloween/string-of-flags-5m.prefab using Guid(e599aac102f3b92438c6de45169052e4) Importer(815301076,1909f56bfc062723c751e8b465ee728b)  -> (artifact id: '1f93f4ecd97b6ebae348fe661048e266') in 0.020710 seconds 
  Import took 0.023269 seconds .

========================================================================
Received Import Request.
  Time since last request: 0.000155 seconds.
  path: Assets/polyperfect/Poly Halloween/- Prefabs/Halloween/wall-graveyard-1m-corner.prefab
  artifactKey: Guid(8032b61f51e3ff342ad0e9db0738f8be) Importer(815301076,1909f56bfc062723c751e8b465ee728b)
Start importing Assets/polyperfect/Poly Halloween/- Prefabs/Halloween/wall-graveyard-1m-corner.prefab using Guid(8032b61f51e3ff342ad0e9db0738f8be) Importer(815301076,1909f56bfc062723c751e8b465ee728b)  -> (artifact id: '5c57c7511a16aed8304ae4c3fd7f6ff4') in 0.019830 seconds 
  Import took 0.022343 seconds .

========================================================================
Received Import Request.
  Time since last request: 1.003919 seconds.
  path: Assets/polyperfect/Poly Halloween/- Prefabs/Halloween/wall-graveyard-2m.prefab
  artifactKey: Guid(58543e3d6e1c1f5488ffd8c9ba997c4c) Importer(815301076,1909f56bfc062723c751e8b465ee728b)
Start importing Assets/polyperfect/Poly Halloween/- Prefabs/Halloween/wall-graveyard-2m.prefab using Guid(58543e3d6e1c1f5488ffd8c9ba997c4c) Importer(815301076,1909f56bfc062723c751e8b465ee728b)  -> (artifact id: 'd412ad965bac1ffe9abd179d7006452d') in 0.057482 seconds 
  Import took 0.060736 seconds .

========================================================================
Received Import Request.
  Time since last request: 0.000157 seconds.
  path: Assets/polyperfect/Poly Halloween/- Prefabs/Halloween/wall-graveyard-3m.prefab
  artifactKey: Guid(cec545ae7bcbbd64fa91a5e881fef7d0) Importer(815301076,1909f56bfc062723c751e8b465ee728b)
Start importing Assets/polyperfect/Poly Halloween/- Prefabs/Halloween/wall-graveyard-3m.prefab using Guid(cec545ae7bcbbd64fa91a5e881fef7d0) Importer(815301076,1909f56bfc062723c751e8b465ee728b)  -> (artifact id: '4b4e9e7886d529caa7c3ddccb97d5194') in 0.022021 seconds 
  Import took 0.024558 seconds .

========================================================================
Received Import Request.
  Time since last request: 0.000148 seconds.
  path: Assets/polyperfect/Poly Halloween/- Prefabs/Halloween/wall-graveyard-end 1.prefab
  artifactKey: Guid(e2988c31f93223f45b96296589bed8a2) Importer(815301076,1909f56bfc062723c751e8b465ee728b)
Start importing Assets/polyperfect/Poly Halloween/- Prefabs/Halloween/wall-graveyard-end 1.prefab using Guid(e2988c31f93223f45b96296589bed8a2) Importer(815301076,1909f56bfc062723c751e8b465ee728b)  -> (artifact id: 'bbc6e6ddac9de7491f422197cb0e185d') in 0.021638 seconds 
  Import took 0.024349 seconds .

========================================================================
Received Import Request.
  Time since last request: 0.000140 seconds.
  path: Assets/polyperfect/Poly Halloween/- Prefabs/Halloween/wall-graveyard-end.prefab
  artifactKey: Guid(6aeb785d1cb7b554d95439d19f61fe4d) Importer(815301076,1909f56bfc062723c751e8b465ee728b)
Start importing Assets/polyperfect/Poly Halloween/- Prefabs/Halloween/wall-graveyard-end.prefab using Guid(6aeb785d1cb7b554d95439d19f61fe4d) Importer(815301076,1909f56bfc062723c751e8b465ee728b)  -> (artifact id: '62267349d00d062a7869a7c7c4f45d32') in 0.021609 seconds 
  Import took 0.024185 seconds .

========================================================================
Received Import Request.
  Time since last request: 0.000155 seconds.
  path: Assets/polyperfect/Poly Halloween/- Prefabs/Halloween/wall-graveyard-3m-corner.prefab
  artifactKey: Guid(85805862c6f82c341af4aaa9ed189d05) Importer(815301076,1909f56bfc062723c751e8b465ee728b)
Start importing Assets/polyperfect/Poly Halloween/- Prefabs/Halloween/wall-graveyard-3m-corner.prefab using Guid(85805862c6f82c341af4aaa9ed189d05) Importer(815301076,1909f56bfc062723c751e8b465ee728b)  -> (artifact id: '8347c7c5e530b17cfe0ac556fce851ca') in 0.020682 seconds 
  Import took 0.023474 seconds .

========================================================================
Received Import Request.
  Time since last request: 0.000143 seconds.
  path: Assets/polyperfect/Poly Halloween/- Prefabs/Halloween/wall-graveyard-pillar.prefab
  artifactKey: Guid(0d2a77e2f136c52429667f8afd9c8201) Importer(815301076,1909f56bfc062723c751e8b465ee728b)
Start importing Assets/polyperfect/Poly Halloween/- Prefabs/Halloween/wall-graveyard-pillar.prefab using Guid(0d2a77e2f136c52429667f8afd9c8201) Importer(815301076,1909f56bfc062723c751e8b465ee728b)  -> (artifact id: '0896566622ac5d9fe21d2f2a683002db') in 0.021037 seconds 
  Import took 0.023770 seconds .

========================================================================
Received Import Request.
  Time since last request: 0.000144 seconds.
  path: Assets/polyperfect/Poly Halloween/- Prefabs/Halloween/witch-hat.prefab
  artifactKey: Guid(b9599586d827bb44ab2627d1bc2a9c9a) Importer(815301076,1909f56bfc062723c751e8b465ee728b)
Start importing Assets/polyperfect/Poly Halloween/- Prefabs/Halloween/witch-hat.prefab using Guid(b9599586d827bb44ab2627d1bc2a9c9a) Importer(815301076,1909f56bfc062723c751e8b465ee728b)  -> (artifact id: 'a0611ee7576257d0d16957e85525ab72') in 0.020739 seconds 
  Import took 0.023407 seconds .

